<?xml version="1.0" encoding="UTF-8"?>
<!-- Generated by org.testng.reporters.JUnitXMLReporter -->
<testsuite hostname="DESKTOP-B4F78L0" ignored="0" name="Mytest" tests="2" failures="1" timestamp="2020-07-01T15:38:17 IST" time="50.578" errors="0">
  <testcase name="TC_home_01" time="0.045" classname="com.hrishi.bb.test.HomePage_BeforeLoginTest"/>
  <testcase name="TC_home_02" time="4.887" classname="com.hrishi.bb.test.HomePage_BeforeLoginTest">
    <failure type="java.lang.AssertionError" message="expected [Login - 9My Store] but found [Login - My Store]">
      <![CDATA[java.lang.AssertionError: expected [Login - 9My Store] but found [Login - My Store]
at com.hrishi.bb.test.HomePage_BeforeLoginTest.TC_home_02(HomePage_BeforeLoginTest.java:45)
at java.util.ArrayList.forEach(ArrayList.java:1249)
... Removed 36 stack frames]]>
    </failure>
  </testcase> <!-- TC_home_02 -->
</testsuite> <!-- Mytest -->
