<?xml version="1.0" encoding="UTF-8"?>
<testng-results skipped="0" failed="0" total="2" passed="2">
  <reporter-output>
  </reporter-output>
  <suite name="Default suite" duration-ms="31434" started-at="2020-06-30T05:44:00Z" finished-at="2020-06-30T05:44:31Z">
    <groups>
    </groups>
    <test name="Default test" duration-ms="31434" started-at="2020-06-30T05:44:00Z" finished-at="2020-06-30T05:44:31Z">
      <class name="com.hrishi.bb.test.HomePage_BeforeLoginTest">
        <test-method status="PASS" signature="setUp()[pri:0, instance:com.hrishi.bb.test.HomePage_BeforeLoginTest@4501b7af]" name="setUp" is-config="true" duration-ms="15306" started-at="2020-06-30T11:14:00Z" finished-at="2020-06-30T11:14:15Z">
          <reporter-output>
          </reporter-output>
        </test-method> <!-- setUp -->
        <test-method status="PASS" signature="TC_home_01()[pri:1, instance:com.hrishi.bb.test.HomePage_BeforeLoginTest@4501b7af]" name="TC_home_01" duration-ms="30" started-at="2020-06-30T11:14:15Z" finished-at="2020-06-30T11:14:15Z">
          <reporter-output>
          </reporter-output>
        </test-method> <!-- TC_home_01 -->
        <test-method status="PASS" signature="teardown()[pri:0, instance:com.hrishi.bb.test.HomePage_BeforeLoginTest@4501b7af]" name="teardown" is-config="true" duration-ms="788" started-at="2020-06-30T11:14:15Z" finished-at="2020-06-30T11:14:16Z">
          <reporter-output>
          </reporter-output>
        </test-method> <!-- teardown -->
        <test-method status="PASS" signature="setUp()[pri:0, instance:com.hrishi.bb.test.HomePage_BeforeLoginTest@4501b7af]" name="setUp" is-config="true" duration-ms="11543" started-at="2020-06-30T11:14:16Z" finished-at="2020-06-30T11:14:28Z">
          <reporter-output>
          </reporter-output>
        </test-method> <!-- setUp -->
        <test-method status="PASS" signature="TC_home_02()[pri:2, instance:com.hrishi.bb.test.HomePage_BeforeLoginTest@4501b7af]" name="TC_home_02" duration-ms="2334" started-at="2020-06-30T11:14:28Z" finished-at="2020-06-30T11:14:30Z">
          <reporter-output>
          </reporter-output>
        </test-method> <!-- TC_home_02 -->
        <test-method status="PASS" signature="teardown()[pri:0, instance:com.hrishi.bb.test.HomePage_BeforeLoginTest@4501b7af]" name="teardown" is-config="true" duration-ms="1385" started-at="2020-06-30T11:14:30Z" finished-at="2020-06-30T11:14:31Z">
          <reporter-output>
          </reporter-output>
        </test-method> <!-- teardown -->
      </class> <!-- com.hrishi.bb.test.HomePage_BeforeLoginTest -->
    </test> <!-- Default test -->
  </suite> <!-- Default suite -->
</testng-results>
